2016-09-28T14:06:54.708Z - normal: Load ~/.CocosCreator/settings.json
2016-09-28T14:06:54.712Z - normal: checking language setting...
2016-09-28T14:06:54.712Z - normal: Language: zh
2016-09-28T14:06:55.790Z - success: protocol editor-framework registered
2016-09-28T14:06:55.790Z - success: protocol app registered
2016-09-28T14:06:55.790Z - success: protocol packages registered
2016-09-28T14:06:55.790Z - success: protocol theme registered
2016-09-28T14:06:55.790Z - success: protocol unpack registerred
2016-09-28T14:06:56.021Z - normal: connected!
2016-09-28T14:06:56.027Z - normal: Check project C:\Users\bstwo\Documents\AAppaboutThreeKingdom
2016-09-28T14:06:56.033Z - normal: Initializing Cocos Creator Editor
2016-09-28T14:06:56.329Z - normal: Initializing Cocos2d
2016-09-28T14:06:56.424Z - normal: Initializing Asset Database
2016-09-28T14:06:56.437Z - success: protocol uuid registerred
2016-09-28T14:06:56.437Z - success: protocol db registerred
2016-09-28T14:06:56.437Z - success: protocol thumbnail registerred
2016-09-28T14:06:56.438Z - normal: Loading editor/builtin packages
2016-09-28T14:06:56.526Z - success: assets loaded
2016-09-28T14:06:56.529Z - success: builder loaded
2016-09-28T14:06:56.532Z - success: hierarchy loaded
2016-09-28T14:06:56.533Z - success: inspector loaded
2016-09-28T14:06:56.537Z - success: keystore loaded
2016-09-28T14:06:56.539Z - success: node-library loaded
2016-09-28T14:06:56.540Z - success: preferences loaded
2016-09-28T14:06:56.552Z - success: project-importer loaded
2016-09-28T14:06:56.555Z - success: project-settings loaded
2016-09-28T14:06:56.556Z - success: ui-kit loaded
2016-09-28T14:06:56.557Z - success: ui-grid loaded
2016-09-28T14:06:56.561Z - success: scene loaded
2016-09-28T14:06:56.562Z - success: sprite-editor loaded
2016-09-28T14:06:56.565Z - success: timeline loaded
2016-09-28T14:06:56.566Z - normal: Loading builtin packages
2016-09-28T14:06:56.567Z - success: asset-db-debugger loaded
2016-09-28T14:06:56.570Z - success: cocos-package loaded
2016-09-28T14:06:56.570Z - success: code-editor loaded
2016-09-28T14:06:56.571Z - success: color-picker loaded
2016-09-28T14:06:56.573Z - success: console loaded
2016-09-28T14:06:56.574Z - success: package-manager loaded
2016-09-28T14:06:56.577Z - success: tester loaded
2016-09-28T14:06:56.578Z - success: ui-kit-preview-extra loaded
2016-09-28T14:06:56.579Z - success: ui-kit-preview loaded
2016-09-28T14:06:56.581Z - success: ui-tree loaded
2016-09-28T14:06:56.603Z - normal: Initializing project C:\Users\bstwo\Documents\AAppaboutThreeKingdom
2016-09-28T14:06:56.606Z - normal: Loading packages
2016-09-28T14:06:56.611Z - normal: Run Application
2016-09-28T14:06:56.931Z - success: preview server running at http://localhost:7456
2016-09-28T14:06:56.932Z - normal: Compiling scripts...
2016-09-28T14:06:57.948Z - normal: Compiled successfully
2016-09-28T14:07:00.134Z - normal: 1.2.1-rc.1
